<?xml version="1.0" encoding="UTF-8"?>
<testsuite xmlns:xsi="http://www.w3.org/2001/XMLSchema-instance" xsi:noNamespaceSchemaLocation="https://maven.apache.org/surefire/maven-surefire-plugin/xsd/surefire-test-report.xsd" name="service.CategoryProductSaleServiceImplTest" time="0.435" tests="1" errors="0" skipped="0" failures="0">
  <properties>
    <property name="gopherProxySet" value="false"/>
    <property name="awt.toolkit" value="sun.lwawt.macosx.LWCToolkit"/>
    <property name="java.specification.version" value="11"/>
    <property name="sun.cpu.isalist" value=""/>
    <property name="sun.jnu.encoding" value="UTF-8"/>
    <property name="java.class.path" value="/Users/cengizhan/Downloads/microservices-app/etl-process-app/target/test-classes:/Users/cengizhan/Downloads/microservices-app/etl-process-app/target/classes:/Users/cengizhan/.m2/repository/org/postgresql/postgresql/42.2.22/postgresql-42.2.22.jar:/Users/cengizhan/.m2/repository/org/checkerframework/checker-qual/3.5.0/checker-qual-3.5.0.jar:/Users/cengizhan/.m2/repository/org/springframework/boot/spring-boot-starter-data-jpa/2.5.2/spring-boot-starter-data-jpa-2.5.2.jar:/Users/cengizhan/.m2/repository/org/springframework/boot/spring-boot-starter-aop/2.5.2/spring-boot-starter-aop-2.5.2.jar:/Users/cengizhan/.m2/repository/org/springframework/spring-aop/5.3.8/spring-aop-5.3.8.jar:/Users/cengizhan/.m2/repository/org/aspectj/aspectjweaver/1.9.6/aspectjweaver-1.9.6.jar:/Users/cengizhan/.m2/repository/org/springframework/boot/spring-boot-starter-jdbc/2.5.2/spring-boot-starter-jdbc-2.5.2.jar:/Users/cengizhan/.m2/repository/com/zaxxer/HikariCP/4.0.3/HikariCP-4.0.3.jar:/Users/cengizhan/.m2/repository/org/springframework/spring-jdbc/5.3.8/spring-jdbc-5.3.8.jar:/Users/cengizhan/.m2/repository/jakarta/transaction/jakarta.transaction-api/1.3.3/jakarta.transaction-api-1.3.3.jar:/Users/cengizhan/.m2/repository/jakarta/persistence/jakarta.persistence-api/2.2.3/jakarta.persistence-api-2.2.3.jar:/Users/cengizhan/.m2/repository/org/hibernate/hibernate-core/5.4.32.Final/hibernate-core-5.4.32.Final.jar:/Users/cengizhan/.m2/repository/org/jboss/logging/jboss-logging/3.4.2.Final/jboss-logging-3.4.2.Final.jar:/Users/cengizhan/.m2/repository/org/javassist/javassist/3.27.0-GA/javassist-3.27.0-GA.jar:/Users/cengizhan/.m2/repository/net/bytebuddy/byte-buddy/1.10.22/byte-buddy-1.10.22.jar:/Users/cengizhan/.m2/repository/antlr/antlr/2.7.7/antlr-2.7.7.jar:/Users/cengizhan/.m2/repository/org/jboss/jandex/2.2.3.Final/jandex-2.2.3.Final.jar:/Users/cengizhan/.m2/repository/com/fasterxml/classmate/1.5.1/classmate-1.5.1.jar:/Users/cengizhan/.m2/repository/org/dom4j/dom4j/2.1.3/dom4j-2.1.3.jar:/Users/cengizhan/.m2/repository/org/hibernate/common/hibernate-commons-annotations/5.1.2.Final/hibernate-commons-annotations-5.1.2.Final.jar:/Users/cengizhan/.m2/repository/org/glassfish/jaxb/jaxb-runtime/2.3.4/jaxb-runtime-2.3.4.jar:/Users/cengizhan/.m2/repository/org/glassfish/jaxb/txw2/2.3.4/txw2-2.3.4.jar:/Users/cengizhan/.m2/repository/com/sun/istack/istack-commons-runtime/3.0.12/istack-commons-runtime-3.0.12.jar:/Users/cengizhan/.m2/repository/com/sun/activation/jakarta.activation/1.2.2/jakarta.activation-1.2.2.jar:/Users/cengizhan/.m2/repository/org/springframework/data/spring-data-jpa/2.5.2/spring-data-jpa-2.5.2.jar:/Users/cengizhan/.m2/repository/org/springframework/data/spring-data-commons/2.5.2/spring-data-commons-2.5.2.jar:/Users/cengizhan/.m2/repository/org/springframework/spring-orm/5.3.8/spring-orm-5.3.8.jar:/Users/cengizhan/.m2/repository/org/springframework/spring-beans/5.3.8/spring-beans-5.3.8.jar:/Users/cengizhan/.m2/repository/org/slf4j/slf4j-api/1.7.31/slf4j-api-1.7.31.jar:/Users/cengizhan/.m2/repository/org/springframework/spring-aspects/5.3.8/spring-aspects-5.3.8.jar:/Users/cengizhan/.m2/repository/org/projectlombok/lombok/1.18.20/lombok-1.18.20.jar:/Users/cengizhan/.m2/repository/org/springframework/boot/spring-boot-starter-web/2.5.2/spring-boot-starter-web-2.5.2.jar:/Users/cengizhan/.m2/repository/org/springframework/boot/spring-boot-starter/2.5.2/spring-boot-starter-2.5.2.jar:/Users/cengizhan/.m2/repository/org/springframework/boot/spring-boot/2.5.2/spring-boot-2.5.2.jar:/Users/cengizhan/.m2/repository/org/springframework/boot/spring-boot-autoconfigure/2.5.2/spring-boot-autoconfigure-2.5.2.jar:/Users/cengizhan/.m2/repository/org/springframework/boot/spring-boot-starter-logging/2.5.2/spring-boot-starter-logging-2.5.2.jar:/Users/cengizhan/.m2/repository/ch/qos/logback/logback-classic/1.2.3/logback-classic-1.2.3.jar:/Users/cengizhan/.m2/repository/ch/qos/logback/logback-core/1.2.3/logback-core-1.2.3.jar:/Users/cengizhan/.m2/repository/org/apache/logging/log4j/log4j-to-slf4j/2.14.1/log4j-to-slf4j-2.14.1.jar:/Users/cengizhan/.m2/repository/org/apache/logging/log4j/log4j-api/2.14.1/log4j-api-2.14.1.jar:/Users/cengizhan/.m2/repository/org/slf4j/jul-to-slf4j/1.7.31/jul-to-slf4j-1.7.31.jar:/Users/cengizhan/.m2/repository/jakarta/annotation/jakarta.annotation-api/1.3.5/jakarta.annotation-api-1.3.5.jar:/Users/cengizhan/.m2/repository/org/yaml/snakeyaml/1.28/snakeyaml-1.28.jar:/Users/cengizhan/.m2/repository/org/springframework/boot/spring-boot-starter-json/2.5.2/spring-boot-starter-json-2.5.2.jar:/Users/cengizhan/.m2/repository/com/fasterxml/jackson/core/jackson-databind/2.12.3/jackson-databind-2.12.3.jar:/Users/cengizhan/.m2/repository/com/fasterxml/jackson/core/jackson-annotations/2.12.3/jackson-annotations-2.12.3.jar:/Users/cengizhan/.m2/repository/com/fasterxml/jackson/core/jackson-core/2.12.3/jackson-core-2.12.3.jar:/Users/cengizhan/.m2/repository/com/fasterxml/jackson/datatype/jackson-datatype-jdk8/2.12.3/jackson-datatype-jdk8-2.12.3.jar:/Users/cengizhan/.m2/repository/com/fasterxml/jackson/datatype/jackson-datatype-jsr310/2.12.3/jackson-datatype-jsr310-2.12.3.jar:/Users/cengizhan/.m2/repository/com/fasterxml/jackson/module/jackson-module-parameter-names/2.12.3/jackson-module-parameter-names-2.12.3.jar:/Users/cengizhan/.m2/repository/org/springframework/boot/spring-boot-starter-tomcat/2.5.2/spring-boot-starter-tomcat-2.5.2.jar:/Users/cengizhan/.m2/repository/org/apache/tomcat/embed/tomcat-embed-core/9.0.48/tomcat-embed-core-9.0.48.jar:/Users/cengizhan/.m2/repository/org/apache/tomcat/embed/tomcat-embed-el/9.0.48/tomcat-embed-el-9.0.48.jar:/Users/cengizhan/.m2/repository/org/apache/tomcat/embed/tomcat-embed-websocket/9.0.48/tomcat-embed-websocket-9.0.48.jar:/Users/cengizhan/.m2/repository/org/springframework/spring-web/5.3.8/spring-web-5.3.8.jar:/Users/cengizhan/.m2/repository/org/springframework/spring-webmvc/5.3.8/spring-webmvc-5.3.8.jar:/Users/cengizhan/.m2/repository/org/springframework/spring-expression/5.3.8/spring-expression-5.3.8.jar:/Users/cengizhan/.m2/repository/org/springframework/kafka/spring-kafka/2.7.3/spring-kafka-2.7.3.jar:/Users/cengizhan/.m2/repository/org/springframework/spring-context/5.3.8/spring-context-5.3.8.jar:/Users/cengizhan/.m2/repository/org/springframework/spring-messaging/5.3.8/spring-messaging-5.3.8.jar:/Users/cengizhan/.m2/repository/org/springframework/spring-tx/5.3.8/spring-tx-5.3.8.jar:/Users/cengizhan/.m2/repository/org/springframework/retry/spring-retry/1.3.1/spring-retry-1.3.1.jar:/Users/cengizhan/.m2/repository/javax/annotation/javax.annotation-api/1.3.2/javax.annotation-api-1.3.2.jar:/Users/cengizhan/.m2/repository/org/apache/kafka/kafka-clients/2.7.1/kafka-clients-2.7.1.jar:/Users/cengizhan/.m2/repository/com/github/luben/zstd-jni/1.4.5-6/zstd-jni-1.4.5-6.jar:/Users/cengizhan/.m2/repository/org/lz4/lz4-java/1.7.1/lz4-java-1.7.1.jar:/Users/cengizhan/.m2/repository/org/xerial/snappy/snappy-java/1.1.7.7/snappy-java-1.1.7.7.jar:/Users/cengizhan/.m2/repository/org/jetbrains/kotlin/kotlin-stdlib/1.5.20/kotlin-stdlib-1.5.20.jar:/Users/cengizhan/.m2/repository/org/jetbrains/annotations/13.0/annotations-13.0.jar:/Users/cengizhan/.m2/repository/org/jetbrains/kotlin/kotlin-stdlib-common/1.5.20/kotlin-stdlib-common-1.5.20.jar:/Users/cengizhan/.m2/repository/com/google/code/findbugs/jsr305/3.0.2/jsr305-3.0.2.jar:/Users/cengizhan/.m2/repository/org/springframework/boot/spring-boot-starter-test/2.5.2/spring-boot-starter-test-2.5.2.jar:/Users/cengizhan/.m2/repository/org/springframework/boot/spring-boot-test/2.5.2/spring-boot-test-2.5.2.jar:/Users/cengizhan/.m2/repository/org/springframework/boot/spring-boot-test-autoconfigure/2.5.2/spring-boot-test-autoconfigure-2.5.2.jar:/Users/cengizhan/.m2/repository/com/jayway/jsonpath/json-path/2.5.0/json-path-2.5.0.jar:/Users/cengizhan/.m2/repository/net/minidev/json-smart/2.4.7/json-smart-2.4.7.jar:/Users/cengizhan/.m2/repository/net/minidev/accessors-smart/2.4.7/accessors-smart-2.4.7.jar:/Users/cengizhan/.m2/repository/org/ow2/asm/asm/9.1/asm-9.1.jar:/Users/cengizhan/.m2/repository/jakarta/xml/bind/jakarta.xml.bind-api/2.3.3/jakarta.xml.bind-api-2.3.3.jar:/Users/cengizhan/.m2/repository/jakarta/activation/jakarta.activation-api/1.2.2/jakarta.activation-api-1.2.2.jar:/Users/cengizhan/.m2/repository/org/assertj/assertj-core/3.19.0/assertj-core-3.19.0.jar:/Users/cengizhan/.m2/repository/org/hamcrest/hamcrest/2.2/hamcrest-2.2.jar:/Users/cengizhan/.m2/repository/org/junit/jupiter/junit-jupiter/5.7.2/junit-jupiter-5.7.2.jar:/Users/cengizhan/.m2/repository/org/junit/jupiter/junit-jupiter-params/5.7.2/junit-jupiter-params-5.7.2.jar:/Users/cengizhan/.m2/repository/org/junit/jupiter/junit-jupiter-engine/5.7.2/junit-jupiter-engine-5.7.2.jar:/Users/cengizhan/.m2/repository/org/junit/platform/junit-platform-engine/1.7.2/junit-platform-engine-1.7.2.jar:/Users/cengizhan/.m2/repository/org/mockito/mockito-core/3.9.0/mockito-core-3.9.0.jar:/Users/cengizhan/.m2/repository/net/bytebuddy/byte-buddy-agent/1.10.22/byte-buddy-agent-1.10.22.jar:/Users/cengizhan/.m2/repository/org/objenesis/objenesis/3.2/objenesis-3.2.jar:/Users/cengizhan/.m2/repository/org/mockito/mockito-junit-jupiter/3.9.0/mockito-junit-jupiter-3.9.0.jar:/Users/cengizhan/.m2/repository/org/skyscreamer/jsonassert/1.5.0/jsonassert-1.5.0.jar:/Users/cengizhan/.m2/repository/com/vaadin/external/google/android-json/0.0.20131108.vaadin1/android-json-0.0.20131108.vaadin1.jar:/Users/cengizhan/.m2/repository/org/springframework/spring-core/5.3.8/spring-core-5.3.8.jar:/Users/cengizhan/.m2/repository/org/springframework/spring-jcl/5.3.8/spring-jcl-5.3.8.jar:/Users/cengizhan/.m2/repository/org/springframework/spring-test/5.3.8/spring-test-5.3.8.jar:/Users/cengizhan/.m2/repository/org/xmlunit/xmlunit-core/2.8.2/xmlunit-core-2.8.2.jar:/Users/cengizhan/.m2/repository/org/springframework/kafka/spring-kafka-test/2.7.3/spring-kafka-test-2.7.3.jar:/Users/cengizhan/.m2/repository/org/apache/kafka/kafka-clients/2.7.1/kafka-clients-2.7.1-test.jar:/Users/cengizhan/.m2/repository/org/apache/kafka/kafka-streams/2.7.1/kafka-streams-2.7.1.jar:/Users/cengizhan/.m2/repository/org/apache/kafka/connect-json/2.7.1/connect-json-2.7.1.jar:/Users/cengizhan/.m2/repository/org/apache/kafka/connect-api/2.7.1/connect-api-2.7.1.jar:/Users/cengizhan/.m2/repository/org/rocksdb/rocksdbjni/5.18.4/rocksdbjni-5.18.4.jar:/Users/cengizhan/.m2/repository/org/apache/kafka/kafka-streams-test-utils/2.7.1/kafka-streams-test-utils-2.7.1.jar:/Users/cengizhan/.m2/repository/org/apache/kafka/kafka_2.13/2.7.1/kafka_2.13-2.7.1.jar:/Users/cengizhan/.m2/repository/org/apache/kafka/kafka-raft/2.7.1/kafka-raft-2.7.1.jar:/Users/cengizhan/.m2/repository/com/fasterxml/jackson/module/jackson-module-scala_2.13/2.12.3/jackson-module-scala_2.13-2.12.3.jar:/Users/cengizhan/.m2/repository/com/thoughtworks/paranamer/paranamer/2.8/paranamer-2.8.jar:/Users/cengizhan/.m2/repository/com/fasterxml/jackson/dataformat/jackson-dataformat-csv/2.12.3/jackson-dataformat-csv-2.12.3.jar:/Users/cengizhan/.m2/repository/net/sf/jopt-simple/jopt-simple/5.0.4/jopt-simple-5.0.4.jar:/Users/cengizhan/.m2/repository/com/yammer/metrics/metrics-core/2.2.0/metrics-core-2.2.0.jar:/Users/cengizhan/.m2/repository/org/scala-lang/modules/scala-collection-compat_2.13/2.2.0/scala-collection-compat_2.13-2.2.0.jar:/Users/cengizhan/.m2/repository/org/scala-lang/modules/scala-java8-compat_2.13/0.9.1/scala-java8-compat_2.13-0.9.1.jar:/Users/cengizhan/.m2/repository/org/scala-lang/scala-library/2.13.3/scala-library-2.13.3.jar:/Users/cengizhan/.m2/repository/org/scala-lang/scala-reflect/2.13.3/scala-reflect-2.13.3.jar:/Users/cengizhan/.m2/repository/com/typesafe/scala-logging/scala-logging_2.13/3.9.2/scala-logging_2.13-3.9.2.jar:/Users/cengizhan/.m2/repository/org/apache/zookeeper/zookeeper/3.5.9/zookeeper-3.5.9.jar:/Users/cengizhan/.m2/repository/org/apache/zookeeper/zookeeper-jute/3.5.9/zookeeper-jute-3.5.9.jar:/Users/cengizhan/.m2/repository/org/apache/yetus/audience-annotations/0.5.0/audience-annotations-0.5.0.jar:/Users/cengizhan/.m2/repository/io/netty/netty-handler/4.1.65.Final/netty-handler-4.1.65.Final.jar:/Users/cengizhan/.m2/repository/io/netty/netty-common/4.1.65.Final/netty-common-4.1.65.Final.jar:/Users/cengizhan/.m2/repository/io/netty/netty-resolver/4.1.65.Final/netty-resolver-4.1.65.Final.jar:/Users/cengizhan/.m2/repository/io/netty/netty-buffer/4.1.65.Final/netty-buffer-4.1.65.Final.jar:/Users/cengizhan/.m2/repository/io/netty/netty-transport/4.1.65.Final/netty-transport-4.1.65.Final.jar:/Users/cengizhan/.m2/repository/io/netty/netty-codec/4.1.65.Final/netty-codec-4.1.65.Final.jar:/Users/cengizhan/.m2/repository/io/netty/netty-transport-native-epoll/4.1.65.Final/netty-transport-native-epoll-4.1.65.Final.jar:/Users/cengizhan/.m2/repository/io/netty/netty-transport-native-unix-common/4.1.65.Final/netty-transport-native-unix-common-4.1.65.Final.jar:/Users/cengizhan/.m2/repository/commons-cli/commons-cli/1.4/commons-cli-1.4.jar:/Users/cengizhan/.m2/repository/org/apache/kafka/kafka_2.13/2.7.1/kafka_2.13-2.7.1-test.jar:/Users/cengizhan/.m2/repository/org/junit/jupiter/junit-jupiter-api/5.7.2/junit-jupiter-api-5.7.2.jar:/Users/cengizhan/.m2/repository/org/apiguardian/apiguardian-api/1.1.0/apiguardian-api-1.1.0.jar:/Users/cengizhan/.m2/repository/org/opentest4j/opentest4j/1.2.0/opentest4j-1.2.0.jar:/Users/cengizhan/.m2/repository/org/junit/platform/junit-platform-commons/1.7.2/junit-platform-commons-1.7.2.jar:"/>
    <property name="java.vm.vendor" value="Oracle Corporation"/>
    <property name="sun.arch.data.model" value="64"/>
    <property name="java.vendor.url" value="https://openjdk.java.net/"/>
    <property name="user.timezone" value=""/>
    <property name="java.vm.specification.version" value="11"/>
    <property name="os.name" value="Mac OS X"/>
    <property name="sun.java.launcher" value="SUN_STANDARD"/>
    <property name="user.country" value="TR"/>
    <property name="sun.boot.library.path" value="/Library/Java/JavaVirtualMachines/jdk-11.0.7.jdk/Contents/Home/lib"/>
    <property name="sun.java.command" value="/Users/cengizhan/Downloads/microservices-app/etl-process-app/target/surefire/surefirebooter15128727379749732945.jar /Users/cengizhan/Downloads/microservices-app/etl-process-app/target/surefire 2021-07-08T11-18-47_648-jvmRun1 surefire11010122509820800759tmp surefire_110606079412933936790tmp"/>
    <property name="http.nonProxyHosts" value="local|*.local|169.254/16|*.169.254/16"/>
    <property name="jdk.debug" value="release"/>
    <property name="surefire.test.class.path" value="/Users/cengizhan/Downloads/microservices-app/etl-process-app/target/test-classes:/Users/cengizhan/Downloads/microservices-app/etl-process-app/target/classes:/Users/cengizhan/.m2/repository/org/postgresql/postgresql/42.2.22/postgresql-42.2.22.jar:/Users/cengizhan/.m2/repository/org/checkerframework/checker-qual/3.5.0/checker-qual-3.5.0.jar:/Users/cengizhan/.m2/repository/org/springframework/boot/spring-boot-starter-data-jpa/2.5.2/spring-boot-starter-data-jpa-2.5.2.jar:/Users/cengizhan/.m2/repository/org/springframework/boot/spring-boot-starter-aop/2.5.2/spring-boot-starter-aop-2.5.2.jar:/Users/cengizhan/.m2/repository/org/springframework/spring-aop/5.3.8/spring-aop-5.3.8.jar:/Users/cengizhan/.m2/repository/org/aspectj/aspectjweaver/1.9.6/aspectjweaver-1.9.6.jar:/Users/cengizhan/.m2/repository/org/springframework/boot/spring-boot-starter-jdbc/2.5.2/spring-boot-starter-jdbc-2.5.2.jar:/Users/cengizhan/.m2/repository/com/zaxxer/HikariCP/4.0.3/HikariCP-4.0.3.jar:/Users/cengizhan/.m2/repository/org/springframework/spring-jdbc/5.3.8/spring-jdbc-5.3.8.jar:/Users/cengizhan/.m2/repository/jakarta/transaction/jakarta.transaction-api/1.3.3/jakarta.transaction-api-1.3.3.jar:/Users/cengizhan/.m2/repository/jakarta/persistence/jakarta.persistence-api/2.2.3/jakarta.persistence-api-2.2.3.jar:/Users/cengizhan/.m2/repository/org/hibernate/hibernate-core/5.4.32.Final/hibernate-core-5.4.32.Final.jar:/Users/cengizhan/.m2/repository/org/jboss/logging/jboss-logging/3.4.2.Final/jboss-logging-3.4.2.Final.jar:/Users/cengizhan/.m2/repository/org/javassist/javassist/3.27.0-GA/javassist-3.27.0-GA.jar:/Users/cengizhan/.m2/repository/net/bytebuddy/byte-buddy/1.10.22/byte-buddy-1.10.22.jar:/Users/cengizhan/.m2/repository/antlr/antlr/2.7.7/antlr-2.7.7.jar:/Users/cengizhan/.m2/repository/org/jboss/jandex/2.2.3.Final/jandex-2.2.3.Final.jar:/Users/cengizhan/.m2/repository/com/fasterxml/classmate/1.5.1/classmate-1.5.1.jar:/Users/cengizhan/.m2/repository/org/dom4j/dom4j/2.1.3/dom4j-2.1.3.jar:/Users/cengizhan/.m2/repository/org/hibernate/common/hibernate-commons-annotations/5.1.2.Final/hibernate-commons-annotations-5.1.2.Final.jar:/Users/cengizhan/.m2/repository/org/glassfish/jaxb/jaxb-runtime/2.3.4/jaxb-runtime-2.3.4.jar:/Users/cengizhan/.m2/repository/org/glassfish/jaxb/txw2/2.3.4/txw2-2.3.4.jar:/Users/cengizhan/.m2/repository/com/sun/istack/istack-commons-runtime/3.0.12/istack-commons-runtime-3.0.12.jar:/Users/cengizhan/.m2/repository/com/sun/activation/jakarta.activation/1.2.2/jakarta.activation-1.2.2.jar:/Users/cengizhan/.m2/repository/org/springframework/data/spring-data-jpa/2.5.2/spring-data-jpa-2.5.2.jar:/Users/cengizhan/.m2/repository/org/springframework/data/spring-data-commons/2.5.2/spring-data-commons-2.5.2.jar:/Users/cengizhan/.m2/repository/org/springframework/spring-orm/5.3.8/spring-orm-5.3.8.jar:/Users/cengizhan/.m2/repository/org/springframework/spring-beans/5.3.8/spring-beans-5.3.8.jar:/Users/cengizhan/.m2/repository/org/slf4j/slf4j-api/1.7.31/slf4j-api-1.7.31.jar:/Users/cengizhan/.m2/repository/org/springframework/spring-aspects/5.3.8/spring-aspects-5.3.8.jar:/Users/cengizhan/.m2/repository/org/projectlombok/lombok/1.18.20/lombok-1.18.20.jar:/Users/cengizhan/.m2/repository/org/springframework/boot/spring-boot-starter-web/2.5.2/spring-boot-starter-web-2.5.2.jar:/Users/cengizhan/.m2/repository/org/springframework/boot/spring-boot-starter/2.5.2/spring-boot-starter-2.5.2.jar:/Users/cengizhan/.m2/repository/org/springframework/boot/spring-boot/2.5.2/spring-boot-2.5.2.jar:/Users/cengizhan/.m2/repository/org/springframework/boot/spring-boot-autoconfigure/2.5.2/spring-boot-autoconfigure-2.5.2.jar:/Users/cengizhan/.m2/repository/org/springframework/boot/spring-boot-starter-logging/2.5.2/spring-boot-starter-logging-2.5.2.jar:/Users/cengizhan/.m2/repository/ch/qos/logback/logback-classic/1.2.3/logback-classic-1.2.3.jar:/Users/cengizhan/.m2/repository/ch/qos/logback/logback-core/1.2.3/logback-core-1.2.3.jar:/Users/cengizhan/.m2/repository/org/apache/logging/log4j/log4j-to-slf4j/2.14.1/log4j-to-slf4j-2.14.1.jar:/Users/cengizhan/.m2/repository/org/apache/logging/log4j/log4j-api/2.14.1/log4j-api-2.14.1.jar:/Users/cengizhan/.m2/repository/org/slf4j/jul-to-slf4j/1.7.31/jul-to-slf4j-1.7.31.jar:/Users/cengizhan/.m2/repository/jakarta/annotation/jakarta.annotation-api/1.3.5/jakarta.annotation-api-1.3.5.jar:/Users/cengizhan/.m2/repository/org/yaml/snakeyaml/1.28/snakeyaml-1.28.jar:/Users/cengizhan/.m2/repository/org/springframework/boot/spring-boot-starter-json/2.5.2/spring-boot-starter-json-2.5.2.jar:/Users/cengizhan/.m2/repository/com/fasterxml/jackson/core/jackson-databind/2.12.3/jackson-databind-2.12.3.jar:/Users/cengizhan/.m2/repository/com/fasterxml/jackson/core/jackson-annotations/2.12.3/jackson-annotations-2.12.3.jar:/Users/cengizhan/.m2/repository/com/fasterxml/jackson/core/jackson-core/2.12.3/jackson-core-2.12.3.jar:/Users/cengizhan/.m2/repository/com/fasterxml/jackson/datatype/jackson-datatype-jdk8/2.12.3/jackson-datatype-jdk8-2.12.3.jar:/Users/cengizhan/.m2/repository/com/fasterxml/jackson/datatype/jackson-datatype-jsr310/2.12.3/jackson-datatype-jsr310-2.12.3.jar:/Users/cengizhan/.m2/repository/com/fasterxml/jackson/module/jackson-module-parameter-names/2.12.3/jackson-module-parameter-names-2.12.3.jar:/Users/cengizhan/.m2/repository/org/springframework/boot/spring-boot-starter-tomcat/2.5.2/spring-boot-starter-tomcat-2.5.2.jar:/Users/cengizhan/.m2/repository/org/apache/tomcat/embed/tomcat-embed-core/9.0.48/tomcat-embed-core-9.0.48.jar:/Users/cengizhan/.m2/repository/org/apache/tomcat/embed/tomcat-embed-el/9.0.48/tomcat-embed-el-9.0.48.jar:/Users/cengizhan/.m2/repository/org/apache/tomcat/embed/tomcat-embed-websocket/9.0.48/tomcat-embed-websocket-9.0.48.jar:/Users/cengizhan/.m2/repository/org/springframework/spring-web/5.3.8/spring-web-5.3.8.jar:/Users/cengizhan/.m2/repository/org/springframework/spring-webmvc/5.3.8/spring-webmvc-5.3.8.jar:/Users/cengizhan/.m2/repository/org/springframework/spring-expression/5.3.8/spring-expression-5.3.8.jar:/Users/cengizhan/.m2/repository/org/springframework/kafka/spring-kafka/2.7.3/spring-kafka-2.7.3.jar:/Users/cengizhan/.m2/repository/org/springframework/spring-context/5.3.8/spring-context-5.3.8.jar:/Users/cengizhan/.m2/repository/org/springframework/spring-messaging/5.3.8/spring-messaging-5.3.8.jar:/Users/cengizhan/.m2/repository/org/springframework/spring-tx/5.3.8/spring-tx-5.3.8.jar:/Users/cengizhan/.m2/repository/org/springframework/retry/spring-retry/1.3.1/spring-retry-1.3.1.jar:/Users/cengizhan/.m2/repository/javax/annotation/javax.annotation-api/1.3.2/javax.annotation-api-1.3.2.jar:/Users/cengizhan/.m2/repository/org/apache/kafka/kafka-clients/2.7.1/kafka-clients-2.7.1.jar:/Users/cengizhan/.m2/repository/com/github/luben/zstd-jni/1.4.5-6/zstd-jni-1.4.5-6.jar:/Users/cengizhan/.m2/repository/org/lz4/lz4-java/1.7.1/lz4-java-1.7.1.jar:/Users/cengizhan/.m2/repository/org/xerial/snappy/snappy-java/1.1.7.7/snappy-java-1.1.7.7.jar:/Users/cengizhan/.m2/repository/org/jetbrains/kotlin/kotlin-stdlib/1.5.20/kotlin-stdlib-1.5.20.jar:/Users/cengizhan/.m2/repository/org/jetbrains/annotations/13.0/annotations-13.0.jar:/Users/cengizhan/.m2/repository/org/jetbrains/kotlin/kotlin-stdlib-common/1.5.20/kotlin-stdlib-common-1.5.20.jar:/Users/cengizhan/.m2/repository/com/google/code/findbugs/jsr305/3.0.2/jsr305-3.0.2.jar:/Users/cengizhan/.m2/repository/org/springframework/boot/spring-boot-starter-test/2.5.2/spring-boot-starter-test-2.5.2.jar:/Users/cengizhan/.m2/repository/org/springframework/boot/spring-boot-test/2.5.2/spring-boot-test-2.5.2.jar:/Users/cengizhan/.m2/repository/org/springframework/boot/spring-boot-test-autoconfigure/2.5.2/spring-boot-test-autoconfigure-2.5.2.jar:/Users/cengizhan/.m2/repository/com/jayway/jsonpath/json-path/2.5.0/json-path-2.5.0.jar:/Users/cengizhan/.m2/repository/net/minidev/json-smart/2.4.7/json-smart-2.4.7.jar:/Users/cengizhan/.m2/repository/net/minidev/accessors-smart/2.4.7/accessors-smart-2.4.7.jar:/Users/cengizhan/.m2/repository/org/ow2/asm/asm/9.1/asm-9.1.jar:/Users/cengizhan/.m2/repository/jakarta/xml/bind/jakarta.xml.bind-api/2.3.3/jakarta.xml.bind-api-2.3.3.jar:/Users/cengizhan/.m2/repository/jakarta/activation/jakarta.activation-api/1.2.2/jakarta.activation-api-1.2.2.jar:/Users/cengizhan/.m2/repository/org/assertj/assertj-core/3.19.0/assertj-core-3.19.0.jar:/Users/cengizhan/.m2/repository/org/hamcrest/hamcrest/2.2/hamcrest-2.2.jar:/Users/cengizhan/.m2/repository/org/junit/jupiter/junit-jupiter/5.7.2/junit-jupiter-5.7.2.jar:/Users/cengizhan/.m2/repository/org/junit/jupiter/junit-jupiter-params/5.7.2/junit-jupiter-params-5.7.2.jar:/Users/cengizhan/.m2/repository/org/junit/jupiter/junit-jupiter-engine/5.7.2/junit-jupiter-engine-5.7.2.jar:/Users/cengizhan/.m2/repository/org/junit/platform/junit-platform-engine/1.7.2/junit-platform-engine-1.7.2.jar:/Users/cengizhan/.m2/repository/org/mockito/mockito-core/3.9.0/mockito-core-3.9.0.jar:/Users/cengizhan/.m2/repository/net/bytebuddy/byte-buddy-agent/1.10.22/byte-buddy-agent-1.10.22.jar:/Users/cengizhan/.m2/repository/org/objenesis/objenesis/3.2/objenesis-3.2.jar:/Users/cengizhan/.m2/repository/org/mockito/mockito-junit-jupiter/3.9.0/mockito-junit-jupiter-3.9.0.jar:/Users/cengizhan/.m2/repository/org/skyscreamer/jsonassert/1.5.0/jsonassert-1.5.0.jar:/Users/cengizhan/.m2/repository/com/vaadin/external/google/android-json/0.0.20131108.vaadin1/android-json-0.0.20131108.vaadin1.jar:/Users/cengizhan/.m2/repository/org/springframework/spring-core/5.3.8/spring-core-5.3.8.jar:/Users/cengizhan/.m2/repository/org/springframework/spring-jcl/5.3.8/spring-jcl-5.3.8.jar:/Users/cengizhan/.m2/repository/org/springframework/spring-test/5.3.8/spring-test-5.3.8.jar:/Users/cengizhan/.m2/repository/org/xmlunit/xmlunit-core/2.8.2/xmlunit-core-2.8.2.jar:/Users/cengizhan/.m2/repository/org/springframework/kafka/spring-kafka-test/2.7.3/spring-kafka-test-2.7.3.jar:/Users/cengizhan/.m2/repository/org/apache/kafka/kafka-clients/2.7.1/kafka-clients-2.7.1-test.jar:/Users/cengizhan/.m2/repository/org/apache/kafka/kafka-streams/2.7.1/kafka-streams-2.7.1.jar:/Users/cengizhan/.m2/repository/org/apache/kafka/connect-json/2.7.1/connect-json-2.7.1.jar:/Users/cengizhan/.m2/repository/org/apache/kafka/connect-api/2.7.1/connect-api-2.7.1.jar:/Users/cengizhan/.m2/repository/org/rocksdb/rocksdbjni/5.18.4/rocksdbjni-5.18.4.jar:/Users/cengizhan/.m2/repository/org/apache/kafka/kafka-streams-test-utils/2.7.1/kafka-streams-test-utils-2.7.1.jar:/Users/cengizhan/.m2/repository/org/apache/kafka/kafka_2.13/2.7.1/kafka_2.13-2.7.1.jar:/Users/cengizhan/.m2/repository/org/apache/kafka/kafka-raft/2.7.1/kafka-raft-2.7.1.jar:/Users/cengizhan/.m2/repository/com/fasterxml/jackson/module/jackson-module-scala_2.13/2.12.3/jackson-module-scala_2.13-2.12.3.jar:/Users/cengizhan/.m2/repository/com/thoughtworks/paranamer/paranamer/2.8/paranamer-2.8.jar:/Users/cengizhan/.m2/repository/com/fasterxml/jackson/dataformat/jackson-dataformat-csv/2.12.3/jackson-dataformat-csv-2.12.3.jar:/Users/cengizhan/.m2/repository/net/sf/jopt-simple/jopt-simple/5.0.4/jopt-simple-5.0.4.jar:/Users/cengizhan/.m2/repository/com/yammer/metrics/metrics-core/2.2.0/metrics-core-2.2.0.jar:/Users/cengizhan/.m2/repository/org/scala-lang/modules/scala-collection-compat_2.13/2.2.0/scala-collection-compat_2.13-2.2.0.jar:/Users/cengizhan/.m2/repository/org/scala-lang/modules/scala-java8-compat_2.13/0.9.1/scala-java8-compat_2.13-0.9.1.jar:/Users/cengizhan/.m2/repository/org/scala-lang/scala-library/2.13.3/scala-library-2.13.3.jar:/Users/cengizhan/.m2/repository/org/scala-lang/scala-reflect/2.13.3/scala-reflect-2.13.3.jar:/Users/cengizhan/.m2/repository/com/typesafe/scala-logging/scala-logging_2.13/3.9.2/scala-logging_2.13-3.9.2.jar:/Users/cengizhan/.m2/repository/org/apache/zookeeper/zookeeper/3.5.9/zookeeper-3.5.9.jar:/Users/cengizhan/.m2/repository/org/apache/zookeeper/zookeeper-jute/3.5.9/zookeeper-jute-3.5.9.jar:/Users/cengizhan/.m2/repository/org/apache/yetus/audience-annotations/0.5.0/audience-annotations-0.5.0.jar:/Users/cengizhan/.m2/repository/io/netty/netty-handler/4.1.65.Final/netty-handler-4.1.65.Final.jar:/Users/cengizhan/.m2/repository/io/netty/netty-common/4.1.65.Final/netty-common-4.1.65.Final.jar:/Users/cengizhan/.m2/repository/io/netty/netty-resolver/4.1.65.Final/netty-resolver-4.1.65.Final.jar:/Users/cengizhan/.m2/repository/io/netty/netty-buffer/4.1.65.Final/netty-buffer-4.1.65.Final.jar:/Users/cengizhan/.m2/repository/io/netty/netty-transport/4.1.65.Final/netty-transport-4.1.65.Final.jar:/Users/cengizhan/.m2/repository/io/netty/netty-codec/4.1.65.Final/netty-codec-4.1.65.Final.jar:/Users/cengizhan/.m2/repository/io/netty/netty-transport-native-epoll/4.1.65.Final/netty-transport-native-epoll-4.1.65.Final.jar:/Users/cengizhan/.m2/repository/io/netty/netty-transport-native-unix-common/4.1.65.Final/netty-transport-native-unix-common-4.1.65.Final.jar:/Users/cengizhan/.m2/repository/commons-cli/commons-cli/1.4/commons-cli-1.4.jar:/Users/cengizhan/.m2/repository/org/apache/kafka/kafka_2.13/2.7.1/kafka_2.13-2.7.1-test.jar:/Users/cengizhan/.m2/repository/org/junit/jupiter/junit-jupiter-api/5.7.2/junit-jupiter-api-5.7.2.jar:/Users/cengizhan/.m2/repository/org/apiguardian/apiguardian-api/1.1.0/apiguardian-api-1.1.0.jar:/Users/cengizhan/.m2/repository/org/opentest4j/opentest4j/1.2.0/opentest4j-1.2.0.jar:/Users/cengizhan/.m2/repository/org/junit/platform/junit-platform-commons/1.7.2/junit-platform-commons-1.7.2.jar:"/>
    <property name="sun.cpu.endian" value="little"/>
    <property name="user.home" value="/Users/cengizhan"/>
    <property name="user.language" value="en"/>
    <property name="java.specification.vendor" value="Oracle Corporation"/>
    <property name="java.version.date" value="2020-04-14"/>
    <property name="java.home" value="/Library/Java/JavaVirtualMachines/jdk-11.0.7.jdk/Contents/Home"/>
    <property name="file.separator" value="/"/>
    <property name="basedir" value="/Users/cengizhan/Downloads/microservices-app/etl-process-app"/>
    <property name="java.vm.compressedOopsMode" value="Zero based"/>
    <property name="line.separator" value="&#10;"/>
    <property name="java.specification.name" value="Java Platform API Specification"/>
    <property name="java.vm.specification.vendor" value="Oracle Corporation"/>
    <property name="java.awt.graphicsenv" value="sun.awt.CGraphicsEnvironment"/>
    <property name="surefire.real.class.path" value="/Users/cengizhan/Downloads/microservices-app/etl-process-app/target/surefire/surefirebooter15128727379749732945.jar"/>
    <property name="sun.management.compiler" value="HotSpot 64-Bit Tiered Compilers"/>
    <property name="ftp.nonProxyHosts" value="local|*.local|169.254/16|*.169.254/16"/>
    <property name="java.runtime.version" value="11.0.7+8-LTS"/>
    <property name="user.name" value="cengizhan"/>
    <property name="path.separator" value=":"/>
    <property name="os.version" value="10.16"/>
    <property name="java.runtime.name" value="Java(TM) SE Runtime Environment"/>
    <property name="file.encoding" value="UTF-8"/>
    <property name="java.vm.name" value="Java HotSpot(TM) 64-Bit Server VM"/>
    <property name="java.vendor.version" value="18.9"/>
    <property name="localRepository" value="/Users/cengizhan/.m2/repository"/>
    <property name="java.vendor.url.bug" value="https://bugreport.java.com/bugreport/"/>
    <property name="java.io.tmpdir" value="/var/folders/g0/bzflv88j5zs8smqcx36h94jc0000gn/T/"/>
    <property name="idea.version" value="2020.3.3"/>
    <property name="java.version" value="11.0.7"/>
    <property name="user.dir" value="/Users/cengizhan/Downloads/microservices-app/etl-process-app"/>
    <property name="os.arch" value="x86_64"/>
    <property name="java.vm.specification.name" value="Java Virtual Machine Specification"/>
    <property name="java.awt.printerjob" value="sun.lwawt.macosx.CPrinterJob"/>
    <property name="sun.os.patch.level" value="unknown"/>
    <property name="java.library.path" value="/Users/cengizhan/Library/Java/Extensions:/Library/Java/Extensions:/Network/Library/Java/Extensions:/System/Library/Java/Extensions:/usr/lib/java:."/>
    <property name="java.vendor" value="Oracle Corporation"/>
    <property name="java.vm.info" value="mixed mode"/>
    <property name="java.vm.version" value="11.0.7+8-LTS"/>
    <property name="sun.io.unicode.encoding" value="UnicodeBig"/>
    <property name="java.class.version" value="55.0"/>
    <property name="socksNonProxyHosts" value="local|*.local|169.254/16|*.169.254/16"/>
  </properties>
  <testcase name="saveCategoryProductSalesListToPostgresDatabase_whenMethodIsCalled_shouldSaveCategoryProductSaleListToProgresDB" classname="service.CategoryProductSaleServiceImplTest" time="0.422"/>
</testsuite>